<?xml version="1.0" encoding="UTF-8"?>
<testng-results skipped="0" failed="0" ignored="0" total="1" passed="1">
  <reporter-output>
    <line>
      <![CDATA[message:Validating if element is present:By.cssSelector: #global-header ul.account-management li:nth-child(5) a]]>
    </line>
    <line>
      <![CDATA[message:The element By By.cssSelector: #global-header ul.account-management li:nth-child(5) a is present]]>
    </line>
    <line>
      <![CDATA[message:JS is Ready!]]>
    </line>
    <line>
      <![CDATA[message:ANGULAR is Ready!]]>
    </line>
  </reporter-output>
  <suite name="Test suite for chrome" duration-ms="13875" started-at="2021-04-21T02:46:40Z" finished-at="2021-04-21T02:46:54Z">
    <groups>
    </groups>
    <test name="Test init Session" duration-ms="13875" started-at="2021-04-21T02:46:40Z" finished-at="2021-04-21T02:46:54Z">
      <class name="com.globant.WilsonAngelFinalExam.test.ESPNTest">
        <test-method status="PASS" signature="beforeSuite(java.lang.String)[pri:0, instance:com.globant.WilsonAngelFinalExam.test.ESPNTest@4667ae56]" name="beforeSuite" is-config="true" duration-ms="50921" started-at="2021-04-21T02:45:49Z" finished-at="2021-04-21T02:46:40Z">
          <params>
            <param index="0">
              <value>
                <![CDATA[chrome]]>
              </value>
            </param>
          </params>
          <reporter-output>
          </reporter-output>
        </test-method> <!-- beforeSuite -->
        <test-method status="PASS" signature="setUp()[pri:0, instance:com.globant.WilsonAngelFinalExam.test.ESPNTest@4667ae56]" name="setUp" is-config="true" duration-ms="55" started-at="2021-04-21T02:46:40Z" finished-at="2021-04-21T02:46:40Z">
          <reporter-output>
          </reporter-output>
        </test-method> <!-- setUp -->
        <test-method status="PASS" signature="deleteAccount(java.lang.String, java.lang.String, java.lang.String, java.lang.String, java.lang.String, java.lang.String, java.lang.String)[pri:2, instance:com.globant.WilsonAngelFinalExam.test.ESPNTest@4667ae56]" name="deleteAccount" duration-ms="12287" started-at="2021-04-21T02:46:40Z" data-provider="data" finished-at="2021-04-21T02:46:53Z">
          <params>
            <param index="0">
              <value>
                <![CDATA[some@gg.com]]>
              </value>
            </param>
            <param index="1">
              <value>
                <![CDATA[w123123]]>
              </value>
            </param>
            <param index="2">
              <value>
                <![CDATA[wilson!]]>
              </value>
            </param>
            <param index="3">
              <value>
                <![CDATA[Login]]>
              </value>
            </param>
            <param index="4">
              <value>
                <![CDATA[Delete]]>
              </value>
            </param>
            <param index="5">
              <value>
                <![CDATA[Yes, delete this account]]>
              </value>
            </param>
            <param index="6">
              <value>
                <![CDATA[espnProfile]]>
              </value>
            </param>
          </params>
          <reporter-output>
            <line>
              <![CDATA[message:Validating if element is present:By.cssSelector: #global-header ul.account-management li:nth-child(5) a]]>
            </line>
            <line>
              <![CDATA[message:The element By By.cssSelector: #global-header ul.account-management li:nth-child(5) a is present]]>
            </line>
            <line>
              <![CDATA[message:JS is Ready!]]>
            </line>
            <line>
              <![CDATA[message:ANGULAR is Ready!]]>
            </line>
          </reporter-output>
        </test-method> <!-- deleteAccount -->
        <test-method status="PASS" signature="afterClass()[pri:0, instance:com.globant.WilsonAngelFinalExam.test.ESPNTest@4667ae56]" name="afterClass" is-config="true" duration-ms="1" started-at="2021-04-21T02:46:53Z" finished-at="2021-04-21T02:46:53Z">
          <reporter-output>
          </reporter-output>
        </test-method> <!-- afterClass -->
        <test-method status="PASS" signature="LogOut()[pri:0, instance:com.globant.WilsonAngelFinalExam.test.ESPNTest@4667ae56]" name="LogOut" is-config="true" duration-ms="1506" started-at="2021-04-21T02:46:53Z" finished-at="2021-04-21T02:46:54Z">
          <reporter-output>
          </reporter-output>
        </test-method> <!-- LogOut -->
      </class> <!-- com.globant.WilsonAngelFinalExam.test.ESPNTest -->
    </test> <!-- Test init Session -->
  </suite> <!-- Test suite for chrome -->
</testng-results>
